[2016-03-22 11:02:36.659] [INFO] console - website server start ====================
[2016-03-22 11:02:37.334] [INFO] ./log/20160322 - The server is starting
[2016-03-22 11:02:37.563] [INFO] ./log/20160322 - get home page
[2016-03-22 11:03:03.091] [INFO] console - website server start ====================
[2016-03-22 11:03:03.750] [INFO] ./log/20160322 - The server is starting
[2016-03-22 11:05:35.577] [INFO] console - website server start ====================
[2016-03-22 11:05:35.659] [INFO] ./log/20160322 - The server is starting
[2016-03-22 11:05:38.594] [INFO] console - website server start ====================
[2016-03-22 11:05:38.672] [INFO] ./log/20160322 - The server is starting
[2016-03-22 11:05:41.675] [INFO] console - website server start ====================
[2016-03-22 11:05:41.755] [INFO] ./log/20160322 - The server is starting
[2016-03-22 11:05:42.664] [INFO] console - website server start ====================
[2016-03-22 11:05:42.744] [INFO] ./log/20160322 - The server is starting
[2016-03-22 11:06:05.019] [INFO] console - website server start ====================
[2016-03-22 11:06:05.117] [INFO] ./log/20160322 - The server is starting
[2016-03-22 11:06:08.012] [INFO] console - website server start ====================
[2016-03-22 11:06:08.091] [INFO] ./log/20160322 - The server is starting
[2016-03-22 11:06:12.082] [INFO] console - website server start ====================
[2016-03-22 11:06:12.165] [INFO] ./log/20160322 - The server is starting
[2016-03-22 11:06:16.116] [INFO] console - website server start ====================
[2016-03-22 11:06:16.194] [INFO] ./log/20160322 - The server is starting
[2016-03-22 11:06:17.133] [INFO] console - website server start ====================
[2016-03-22 11:06:17.212] [INFO] ./log/20160322 - The server is starting
[2016-03-22 11:06:19.163] [INFO] console - website server start ====================
[2016-03-22 11:06:19.241] [INFO] ./log/20160322 - The server is starting
[2016-03-22 11:06:29.295] [INFO] console - website server start ====================
[2016-03-22 11:06:29.375] [INFO] ./log/20160322 - The server is starting
[2016-03-22 11:06:35.392] [INFO] console - website server start ====================
[2016-03-22 11:06:35.479] [INFO] ./log/20160322 - The server is starting
[2016-03-22 11:06:36.399] [INFO] console - website server start ====================
[2016-03-22 11:06:36.487] [INFO] ./log/20160322 - The server is starting
[2016-03-22 11:06:37.439] [INFO] console - website server start ====================
[2016-03-22 11:06:37.517] [INFO] ./log/20160322 - The server is starting
[2016-03-22 11:06:47.575] [INFO] console - website server start ====================
[2016-03-22 11:06:47.659] [INFO] ./log/20160322 - The server is starting
[2016-03-22 11:06:48.581] [INFO] console - website server start ====================
[2016-03-22 11:06:48.661] [INFO] ./log/20160322 - The server is starting
[2016-03-22 11:06:51.614] [INFO] console - website server start ====================
[2016-03-22 11:06:51.696] [INFO] ./log/20160322 - The server is starting
[2016-03-22 11:06:52.627] [INFO] console - website server start ====================
[2016-03-22 11:06:52.706] [INFO] ./log/20160322 - The server is starting
[2016-03-22 11:06:54.639] [INFO] console - website server start ====================
[2016-03-22 11:06:54.717] [INFO] ./log/20160322 - The server is starting
[2016-03-22 11:06:55.681] [INFO] console - website server start ====================
[2016-03-22 11:06:55.769] [INFO] ./log/20160322 - The server is starting
[2016-03-22 11:11:05.123] [INFO] console - website server start ====================
[2016-03-22 11:11:05.205] [INFO] ./log/20160322 - The server is starting
[2016-03-22 11:11:09.223] [INFO] console - website server start ====================
[2016-03-22 11:11:09.302] [INFO] ./log/20160322 - The server is starting
[2016-03-22 11:11:22.350] [INFO] console - website server start ====================
[2016-03-22 11:11:22.430] [INFO] ./log/20160322 - The server is starting
[2016-03-22 11:11:23.344] [INFO] console - website server start ====================
[2016-03-22 11:11:23.426] [INFO] ./log/20160322 - The server is starting
[2016-03-22 11:16:31.671] [INFO] console - website server start ====================
[2016-03-22 11:16:31.756] [INFO] ./log/20160322 - The server is starting
[2016-03-22 11:16:50.946] [INFO] console - website server start ====================
[2016-03-22 11:16:51.026] [INFO] ./log/20160322 - The server is starting
[2016-03-22 11:16:53.980] [INFO] console - website server start ====================
[2016-03-22 11:16:54.058] [INFO] ./log/20160322 - The server is starting
[2016-03-22 11:17:42.637] [INFO] console - website server start ====================
[2016-03-22 11:17:42.712] [INFO] ./log/20160322 - The server is starting
[2016-03-22 11:17:44.681] [INFO] console - website server start ====================
[2016-03-22 11:17:44.763] [INFO] ./log/20160322 - The server is starting
[2016-03-22 11:17:50.810] [INFO] console - website server start ====================
[2016-03-22 11:17:50.893] [INFO] ./log/20160322 - The server is starting
[2016-03-22 11:19:00.813] [INFO] console - website server start ====================
[2016-03-22 11:19:00.886] [INFO] ./log/20160322 - The server is starting
[2016-03-22 11:19:01.768] [INFO] console - website server start ====================
[2016-03-22 11:19:01.842] [INFO] ./log/20160322 - The server is starting
[2016-03-22 11:19:03.788] [INFO] console - website server start ====================
[2016-03-22 11:19:03.864] [INFO] ./log/20160322 - The server is starting
[2016-03-22 11:19:09.876] [INFO] console - website server start ====================
[2016-03-22 11:19:09.956] [INFO] ./log/20160322 - The server is starting
[2016-03-22 11:19:20.024] [INFO] console - website server start ====================
[2016-03-22 11:19:20.100] [INFO] ./log/20160322 - The server is starting
[2016-03-22 11:19:37.252] [INFO] console - website server start ====================
[2016-03-22 11:19:37.335] [INFO] ./log/20160322 - The server is starting
[2016-03-22 11:19:38.288] [INFO] console - website server start ====================
[2016-03-22 11:19:38.364] [INFO] ./log/20160322 - The server is starting
[2016-03-22 11:21:13.643] [INFO] console - website server start ====================
[2016-03-22 11:21:13.716] [INFO] ./log/20160322 - The server is starting
[2016-03-22 11:21:14.625] [INFO] console - website server start ====================
[2016-03-22 11:21:14.702] [INFO] ./log/20160322 - The server is starting
[2016-03-22 11:23:07.173] [INFO] console - website server start ====================
[2016-03-22 11:23:07.253] [INFO] ./log/20160322 - The server is starting
[2016-03-22 11:24:35.434] [INFO] console - website server start ====================
[2016-03-22 11:24:35.513] [INFO] ./log/20160322 - The server is starting
[2016-03-22 11:24:53.650] [INFO] console - website server start ====================
[2016-03-22 11:24:53.724] [INFO] ./log/20160322 - The server is starting
[2016-03-22 11:24:54.675] [INFO] console - website server start ====================
[2016-03-22 11:24:54.747] [INFO] ./log/20160322 - The server is starting
[2016-03-22 11:24:55.636] [INFO] console - website server start ====================
[2016-03-22 11:24:55.711] [INFO] ./log/20160322 - The server is starting
[2016-03-22 11:29:37.674] [INFO] console - website server start ====================
[2016-03-22 11:29:37.752] [INFO] ./log/20160322 - The server is starting
[2016-03-22 11:29:38.601] [INFO] console - website server start ====================
[2016-03-22 11:29:38.676] [INFO] ./log/20160322 - The server is starting
[2016-03-22 11:30:15.104] [INFO] console - website server start ====================
[2016-03-22 11:30:15.181] [INFO] ./log/20160322 - The server is starting
[2016-03-22 11:30:20.194] [INFO] console - website server start ====================
[2016-03-22 11:30:20.268] [INFO] ./log/20160322 - The server is starting
[2016-03-22 11:30:25.254] [INFO] console - website server start ====================
[2016-03-22 11:30:25.335] [INFO] ./log/20160322 - The server is starting
[2016-03-22 11:30:29.318] [INFO] console - website server start ====================
[2016-03-22 11:30:29.401] [INFO] ./log/20160322 - The server is starting
[2016-03-22 11:31:49.472] [INFO] console - website server start ====================
[2016-03-22 11:31:49.549] [INFO] ./log/20160322 - The server is starting
[2016-03-22 11:31:52.445] [INFO] console - website server start ====================
[2016-03-22 11:31:52.523] [INFO] ./log/20160322 - The server is starting
[2016-03-22 11:32:16.981] [INFO] console - website server start ====================
[2016-03-22 11:32:17.060] [INFO] ./log/20160322 - The server is starting
[2016-03-22 11:32:27.929] [INFO] console - website server start ====================
[2016-03-22 11:32:28.010] [INFO] ./log/20160322 - The server is starting
[2016-03-22 11:32:36.057] [INFO] console - website server start ====================
[2016-03-22 11:32:36.131] [INFO] ./log/20160322 - The server is starting
[2016-03-22 11:32:37.069] [INFO] console - website server start ====================
[2016-03-22 11:32:37.153] [INFO] ./log/20160322 - The server is starting
[2016-03-22 11:32:38.055] [INFO] console - website server start ====================
[2016-03-22 11:32:38.130] [INFO] ./log/20160322 - The server is starting
[2016-03-22 11:32:46.202] [INFO] console - website server start ====================
[2016-03-22 11:32:46.275] [INFO] ./log/20160322 - The server is starting
[2016-03-22 11:32:48.232] [INFO] console - website server start ====================
[2016-03-22 11:32:48.307] [INFO] ./log/20160322 - The server is starting
[2016-03-22 11:32:54.799] [ERROR] ./log/20160322 - The url path "/client/doc/views/sign-020001.html" Not Found
[2016-03-22 11:34:00.257] [INFO] console - website server start ====================
[2016-03-22 11:34:00.338] [INFO] ./log/20160322 - The server is starting
[2016-03-22 11:34:05.311] [INFO] console - website server start ====================
[2016-03-22 11:34:05.387] [INFO] ./log/20160322 - The server is starting
[2016-03-22 11:34:13.410] [INFO] console - website server start ====================
[2016-03-22 11:34:13.487] [INFO] ./log/20160322 - The server is starting
[2016-03-22 11:34:14.423] [INFO] console - website server start ====================
[2016-03-22 11:34:14.500] [INFO] ./log/20160322 - The server is starting
[2016-03-22 11:34:20.570] [INFO] console - website server start ====================
[2016-03-22 11:34:20.646] [INFO] ./log/20160322 - The server is starting
[2016-03-22 11:34:21.572] [INFO] console - website server start ====================
[2016-03-22 11:34:21.651] [INFO] ./log/20160322 - The server is starting
[2016-03-22 11:41:47.843] [INFO] console - website server start ====================
[2016-03-22 11:41:47.916] [INFO] ./log/20160322 - The server is starting
[2016-03-22 11:41:52.747] [INFO] console - website server start ====================
[2016-03-22 11:41:52.831] [INFO] ./log/20160322 - The server is starting
[2016-03-22 11:41:53.803] [INFO] console - website server start ====================
[2016-03-22 11:41:53.881] [INFO] ./log/20160322 - The server is starting
[2016-03-22 11:42:23.225] [INFO] console - website server start ====================
[2016-03-22 11:42:23.306] [INFO] ./log/20160322 - The server is starting
[2016-03-22 11:42:58.674] [INFO] console - website server start ====================
[2016-03-22 11:42:58.748] [INFO] ./log/20160322 - The server is starting
[2016-03-22 11:43:46.346] [INFO] console - website server start ====================
[2016-03-22 11:43:46.420] [INFO] ./log/20160322 - The server is starting
[2016-03-22 11:45:15.620] [INFO] console - website server start ====================
[2016-03-22 11:45:15.693] [INFO] ./log/20160322 - The server is starting
[2016-03-22 11:45:25.753] [INFO] console - website server start ====================
[2016-03-22 11:45:25.837] [INFO] ./log/20160322 - The server is starting
[2016-03-22 11:46:19.465] [INFO] console - website server start ====================
[2016-03-22 11:46:19.550] [INFO] ./log/20160322 - The server is starting
[2016-03-22 11:47:21.372] [INFO] console - website server start ====================
[2016-03-22 11:47:21.455] [INFO] ./log/20160322 - The server is starting
[2016-03-22 11:47:23.369] [INFO] console - website server start ====================
[2016-03-22 11:47:23.451] [INFO] ./log/20160322 - The server is starting
[2016-03-22 11:47:34.514] [INFO] console - website server start ====================
[2016-03-22 11:47:34.592] [INFO] ./log/20160322 - The server is starting
[2016-03-22 11:47:44.607] [INFO] console - website server start ====================
[2016-03-22 11:47:44.681] [INFO] ./log/20160322 - The server is starting
[2016-03-22 11:47:45.627] [INFO] console - website server start ====================
[2016-03-22 11:47:45.707] [INFO] ./log/20160322 - The server is starting
[2016-03-22 11:47:55.771] [INFO] console - website server start ====================
[2016-03-22 11:47:55.847] [INFO] ./log/20160322 - The server is starting
[2016-03-22 11:47:56.837] [INFO] console - website server start ====================
[2016-03-22 11:47:56.911] [INFO] ./log/20160322 - The server is starting
[2016-03-22 11:48:14.052] [INFO] console - website server start ====================
[2016-03-22 11:48:14.132] [INFO] ./log/20160322 - The server is starting
[2016-03-22 11:48:15.066] [INFO] console - website server start ====================
[2016-03-22 11:48:15.144] [INFO] ./log/20160322 - The server is starting
[2016-03-22 11:50:34.037] [INFO] console - website server start ====================
[2016-03-22 11:50:34.117] [INFO] ./log/20160322 - The server is starting
[2016-03-22 11:50:42.084] [INFO] console - website server start ====================
[2016-03-22 11:50:42.179] [INFO] ./log/20160322 - The server is starting
[2016-03-22 11:50:53.211] [INFO] console - website server start ====================
[2016-03-22 11:50:53.289] [INFO] ./log/20160322 - The server is starting
[2016-03-22 11:50:55.254] [INFO] console - website server start ====================
[2016-03-22 11:50:55.337] [INFO] ./log/20160322 - The server is starting
[2016-03-22 11:50:56.260] [INFO] console - website server start ====================
[2016-03-22 11:50:56.338] [INFO] ./log/20160322 - The server is starting
[2016-03-22 13:29:01.181] [INFO] console - website server start ====================
[2016-03-22 13:29:01.277] [INFO] ./log/20160322 - The server is starting
[2016-03-22 13:29:35.365] [INFO] console - website server start ====================
[2016-03-22 13:29:35.444] [INFO] ./log/20160322 - The server is starting
[2016-03-22 13:32:09.488] [INFO] console - website server start ====================
[2016-03-22 13:32:09.564] [INFO] ./log/20160322 - The server is starting
[2016-03-22 13:32:10.483] [INFO] console - website server start ====================
[2016-03-22 13:32:10.557] [INFO] ./log/20160322 - The server is starting
[2016-03-22 13:32:24.665] [INFO] console - website server start ====================
[2016-03-22 13:32:24.741] [INFO] ./log/20160322 - The server is starting
[2016-03-22 13:32:42.906] [INFO] console - website server start ====================
[2016-03-22 13:32:42.983] [INFO] ./log/20160322 - The server is starting
[2016-03-22 13:32:43.922] [INFO] console - website server start ====================
[2016-03-22 13:32:43.997] [INFO] ./log/20160322 - The server is starting
[2016-03-22 13:32:51.020] [INFO] console - website server start ====================
[2016-03-22 13:32:51.095] [INFO] ./log/20160322 - The server is starting
[2016-03-22 13:33:11.302] [INFO] console - website server start ====================
[2016-03-22 13:33:11.379] [INFO] ./log/20160322 - The server is starting
[2016-03-22 13:33:12.341] [INFO] console - website server start ====================
[2016-03-22 13:33:12.414] [INFO] ./log/20160322 - The server is starting
[2016-03-22 13:34:05.037] [INFO] console - website server start ====================
[2016-03-22 13:34:05.111] [INFO] ./log/20160322 - The server is starting
[2016-03-22 13:34:15.233] [INFO] console - website server start ====================
[2016-03-22 13:34:15.306] [INFO] ./log/20160322 - The server is starting
[2016-03-22 13:34:16.189] [INFO] console - website server start ====================
[2016-03-22 13:34:16.264] [INFO] ./log/20160322 - The server is starting
[2016-03-22 13:34:33.443] [INFO] console - website server start ====================
[2016-03-22 13:34:33.519] [INFO] ./log/20160322 - The server is starting
[2016-03-22 13:34:34.429] [INFO] console - website server start ====================
[2016-03-22 13:34:34.502] [INFO] ./log/20160322 - The server is starting
[2016-03-22 13:34:41.572] [INFO] console - website server start ====================
[2016-03-22 13:34:41.643] [INFO] ./log/20160322 - The server is starting
[2016-03-22 13:34:45.590] [INFO] console - website server start ====================
[2016-03-22 13:34:45.667] [INFO] ./log/20160322 - The server is starting
[2016-03-22 13:35:03.892] [INFO] console - website server start ====================
[2016-03-22 13:35:03.966] [INFO] ./log/20160322 - The server is starting
[2016-03-22 13:36:08.747] [INFO] console - website server start ====================
[2016-03-22 13:36:08.824] [INFO] ./log/20160322 - The server is starting
[2016-03-22 13:36:18.941] [INFO] console - website server start ====================
[2016-03-22 13:36:19.016] [INFO] ./log/20160322 - The server is starting
[2016-03-22 13:36:19.905] [INFO] console - website server start ====================
[2016-03-22 13:36:19.979] [INFO] ./log/20160322 - The server is starting
[2016-03-22 14:03:27.558] [INFO] console - website server start ====================
[2016-03-22 14:03:27.644] [INFO] ./log/20160322 - The server is starting
[2016-03-22 14:03:30.495] [INFO] console - website server start ====================
[2016-03-22 14:03:30.572] [INFO] ./log/20160322 - The server is starting
[2016-03-22 14:03:42.654] [INFO] console - website server start ====================
[2016-03-22 14:03:42.727] [INFO] ./log/20160322 - The server is starting
[2016-03-22 14:03:43.654] [INFO] console - website server start ====================
[2016-03-22 14:03:43.728] [INFO] ./log/20160322 - The server is starting
[2016-03-22 14:03:45.682] [INFO] console - website server start ====================
[2016-03-22 14:03:45.755] [INFO] ./log/20160322 - The server is starting
[2016-03-22 14:03:47.684] [INFO] console - website server start ====================
[2016-03-22 14:03:47.756] [INFO] ./log/20160322 - The server is starting
[2016-03-22 14:03:50.766] [INFO] console - website server start ====================
[2016-03-22 14:03:50.843] [INFO] ./log/20160322 - The server is starting
[2016-03-22 14:03:54.799] [INFO] console - website server start ====================
[2016-03-22 14:03:54.873] [INFO] ./log/20160322 - The server is starting
[2016-03-22 14:03:59.859] [INFO] console - website server start ====================
[2016-03-22 14:03:59.932] [INFO] ./log/20160322 - The server is starting
[2016-03-22 14:04:00.872] [INFO] console - website server start ====================
[2016-03-22 14:04:00.944] [INFO] ./log/20160322 - The server is starting
[2016-03-22 14:04:26.261] [INFO] console - website server start ====================
[2016-03-22 14:04:26.339] [INFO] ./log/20160322 - The server is starting
[2016-03-22 14:04:30.287] [INFO] console - website server start ====================
[2016-03-22 14:04:30.359] [INFO] ./log/20160322 - The server is starting
[2016-03-22 14:04:38.401] [INFO] console - website server start ====================
[2016-03-22 14:04:38.475] [INFO] ./log/20160322 - The server is starting
[2016-03-22 14:04:39.410] [INFO] console - website server start ====================
[2016-03-22 14:04:39.486] [INFO] ./log/20160322 - The server is starting
[2016-03-22 14:04:48.576] [INFO] console - website server start ====================
[2016-03-22 14:04:48.649] [INFO] ./log/20160322 - The server is starting
[2016-03-22 14:04:49.563] [INFO] console - website server start ====================
[2016-03-22 14:04:49.637] [INFO] ./log/20160322 - The server is starting
[2016-03-22 14:05:15.972] [INFO] console - website server start ====================
[2016-03-22 14:05:16.044] [INFO] ./log/20160322 - The server is starting
[2016-03-22 14:06:50.274] [INFO] console - website server start ====================
[2016-03-22 14:06:50.347] [INFO] ./log/20160322 - The server is starting
[2016-03-22 14:07:15.605] [INFO] console - website server start ====================
[2016-03-22 14:07:15.681] [INFO] ./log/20160322 - The server is starting
[2016-03-22 14:07:23.740] [INFO] console - website server start ====================
[2016-03-22 14:07:23.820] [INFO] ./log/20160322 - The server is starting
[2016-03-22 14:07:36.903] [INFO] console - website server start ====================
[2016-03-22 14:07:36.982] [INFO] ./log/20160322 - The server is starting
[2016-03-22 14:07:46.045] [INFO] console - website server start ====================
[2016-03-22 14:07:46.119] [INFO] ./log/20160322 - The server is starting
[2016-03-22 14:07:48.037] [INFO] console - website server start ====================
[2016-03-22 14:07:48.109] [INFO] ./log/20160322 - The server is starting
[2016-03-22 14:07:56.169] [INFO] console - website server start ====================
[2016-03-22 14:07:56.242] [INFO] ./log/20160322 - The server is starting
[2016-03-22 14:08:00.255] [INFO] console - website server start ====================
[2016-03-22 14:08:00.340] [INFO] ./log/20160322 - The server is starting
[2016-03-22 14:08:07.309] [INFO] console - website server start ====================
[2016-03-22 14:08:07.385] [INFO] ./log/20160322 - The server is starting
[2016-03-22 14:08:22.584] [INFO] console - website server start ====================
[2016-03-22 14:08:22.715] [INFO] ./log/20160322 - The server is starting
[2016-03-22 14:08:23.566] [INFO] console - website server start ====================
[2016-03-22 14:08:23.641] [INFO] ./log/20160322 - The server is starting
[2016-03-22 14:08:30.639] [INFO] console - website server start ====================
[2016-03-22 14:08:30.718] [INFO] ./log/20160322 - The server is starting
[2016-03-22 14:08:32.672] [INFO] console - website server start ====================
[2016-03-22 14:08:32.745] [INFO] ./log/20160322 - The server is starting
[2016-03-22 14:08:33.659] [INFO] console - website server start ====================
[2016-03-22 14:08:33.735] [INFO] ./log/20160322 - The server is starting
[2016-03-22 14:10:07.034] [INFO] console - website server start ====================
[2016-03-22 14:10:07.131] [INFO] ./log/20160322 - The server is starting
[2016-03-22 14:17:19.995] [INFO] console - website server start ====================
[2016-03-22 14:17:20.080] [INFO] ./log/20160322 - The server is starting
[2016-03-22 14:17:35.135] [INFO] console - website server start ====================
[2016-03-22 14:17:35.211] [INFO] ./log/20160322 - The server is starting
[2016-03-22 14:17:36.163] [INFO] console - website server start ====================
[2016-03-22 14:17:36.236] [INFO] ./log/20160322 - The server is starting
[2016-03-22 14:17:38.187] [INFO] console - website server start ====================
[2016-03-22 14:17:38.267] [INFO] ./log/20160322 - The server is starting
[2016-03-22 14:17:59.479] [INFO] console - website server start ====================
[2016-03-22 14:17:59.553] [INFO] ./log/20160322 - The server is starting
[2016-03-22 14:18:01.524] [INFO] console - website server start ====================
[2016-03-22 14:18:01.598] [INFO] ./log/20160322 - The server is starting
[2016-03-22 14:18:02.521] [INFO] console - website server start ====================
[2016-03-22 14:18:02.596] [INFO] ./log/20160322 - The server is starting
[2016-03-22 14:18:22.792] [INFO] console - website server start ====================
[2016-03-22 14:18:22.866] [INFO] ./log/20160322 - The server is starting
[2016-03-22 14:18:23.832] [INFO] console - website server start ====================
[2016-03-22 14:18:23.906] [INFO] ./log/20160322 - The server is starting
[2016-03-22 14:18:36.029] [INFO] console - website server start ====================
[2016-03-22 14:18:36.102] [INFO] ./log/20160322 - The server is starting
[2016-03-22 14:18:38.050] [INFO] console - website server start ====================
[2016-03-22 14:18:38.131] [INFO] ./log/20160322 - The server is starting
[2016-03-22 14:18:45.136] [INFO] console - website server start ====================
[2016-03-22 14:18:45.212] [INFO] ./log/20160322 - The server is starting
[2016-03-22 14:18:55.296] [INFO] console - website server start ====================
[2016-03-22 14:18:55.369] [INFO] ./log/20160322 - The server is starting
[2016-03-22 14:18:56.297] [INFO] console - website server start ====================
[2016-03-22 14:18:56.373] [INFO] ./log/20160322 - The server is starting
[2016-03-22 14:19:16.576] [INFO] console - website server start ====================
[2016-03-22 14:19:16.652] [INFO] ./log/20160322 - The server is starting
[2016-03-22 14:19:17.556] [INFO] console - website server start ====================
[2016-03-22 14:19:17.630] [INFO] ./log/20160322 - The server is starting
[2016-03-22 14:19:25.698] [INFO] console - website server start ====================
[2016-03-22 14:19:25.772] [INFO] ./log/20160322 - The server is starting
[2016-03-22 14:19:26.728] [INFO] console - website server start ====================
[2016-03-22 14:19:26.801] [INFO] ./log/20160322 - The server is starting
[2016-03-22 14:19:27.693] [INFO] console - website server start ====================
[2016-03-22 14:19:27.766] [INFO] ./log/20160322 - The server is starting
[2016-03-22 14:19:28.712] [INFO] console - website server start ====================
[2016-03-22 14:19:28.786] [INFO] ./log/20160322 - The server is starting
[2016-03-22 14:19:36.838] [INFO] console - website server start ====================
[2016-03-22 14:19:36.912] [INFO] ./log/20160322 - The server is starting
[2016-03-22 14:19:37.840] [INFO] console - website server start ====================
[2016-03-22 14:19:37.912] [INFO] ./log/20160322 - The server is starting
[2016-03-22 14:19:45.947] [INFO] console - website server start ====================
[2016-03-22 14:19:46.021] [INFO] ./log/20160322 - The server is starting
[2016-03-22 14:19:55.094] [INFO] console - website server start ====================
[2016-03-22 14:19:55.168] [INFO] ./log/20160322 - The server is starting
[2016-03-22 14:20:13.331] [INFO] console - website server start ====================
[2016-03-22 14:20:13.404] [INFO] ./log/20160322 - The server is starting
[2016-03-22 14:20:27.528] [INFO] console - website server start ====================
[2016-03-22 14:20:27.603] [INFO] ./log/20160322 - The server is starting
[2016-03-22 14:21:01.996] [INFO] console - website server start ====================
[2016-03-22 14:21:02.070] [INFO] ./log/20160322 - The server is starting
[2016-03-22 14:21:03.016] [INFO] console - website server start ====================
[2016-03-22 14:21:03.090] [INFO] ./log/20160322 - The server is starting
[2016-03-22 14:22:02.919] [INFO] console - website server start ====================
[2016-03-22 14:22:02.992] [INFO] ./log/20160322 - The server is starting
[2016-03-22 14:22:23.119] [INFO] console - website server start ====================
[2016-03-22 14:22:23.191] [INFO] ./log/20160322 - The server is starting
[2016-03-22 14:22:30.217] [INFO] console - website server start ====================
[2016-03-22 14:22:30.330] [INFO] ./log/20160322 - The server is starting
[2016-03-22 14:22:37.342] [INFO] console - website server start ====================
[2016-03-22 14:22:37.415] [INFO] ./log/20160322 - The server is starting
[2016-03-22 14:22:54.565] [INFO] console - website server start ====================
[2016-03-22 14:22:54.640] [INFO] ./log/20160322 - The server is starting
[2016-03-22 14:22:55.660] [INFO] console - website server start ====================
[2016-03-22 14:22:55.777] [INFO] ./log/20160322 - The server is starting
[2016-03-22 14:49:29.683] [INFO] console - website server start ====================
[2016-03-22 14:49:29.841] [INFO] ./log/20160322 - The server is starting
[2016-03-22 15:09:43.628] [ERROR] ./log/20160322 - The url path "/test/test/css/bootstrap.css.map" Not Found
[2016-03-22 15:09:43.757] [ERROR] ./log/20160322 - The url path "/test/test/js/angular/angular.min.js.map" Not Found
[2016-03-22 15:09:43.759] [ERROR] ./log/20160322 - The url path "/test/test/js/angular/angular-cookies.min.js.map" Not Found
[2016-03-22 15:09:43.762] [ERROR] ./log/20160322 - The url path "/test/test/js/angular/angular-animate.min.js.map" Not Found
[2016-03-23 12:49:12.068] [INFO] ./log/20160322 - get home page
[2016-03-23 13:06:03.167] [INFO] ./log/20160322 - get home page
[2016-03-23 13:06:05.229] [INFO] ./log/20160322 - get corporation page
