[2016-03-23 13:09:14.065] [INFO] console - website server start ====================
[2016-03-23 13:09:15.649] [INFO] ./log/20160323 - The server is starting
[2016-03-23 13:09:30.051] [INFO] console - website server start ====================
[2016-03-23 13:09:30.132] [INFO] ./log/20160323 - The server is starting
[2016-03-23 13:09:31.063] [INFO] console - website server start ====================
[2016-03-23 13:09:31.148] [INFO] ./log/20160323 - The server is starting
[2016-03-23 13:09:32.081] [INFO] console - website server start ====================
[2016-03-23 13:09:32.173] [INFO] ./log/20160323 - The server is starting
[2016-03-23 13:10:39.061] [INFO] console - website server start ====================
[2016-03-23 13:10:39.133] [INFO] ./log/20160323 - The server is starting
[2016-03-23 13:14:03.853] [INFO] console - website server start ====================
[2016-03-23 13:14:03.935] [INFO] ./log/20160323 - The server is starting
[2016-03-23 13:14:54.588] [INFO] console - website server start ====================
[2016-03-23 13:14:54.670] [INFO] ./log/20160323 - The server is starting
[2016-03-23 13:14:55.567] [INFO] console - website server start ====================
[2016-03-23 13:14:55.649] [INFO] ./log/20160323 - The server is starting
[2016-03-23 13:15:05.687] [INFO] console - website server start ====================
[2016-03-23 13:15:05.757] [INFO] ./log/20160323 - The server is starting
[2016-03-23 13:15:06.713] [INFO] console - website server start ====================
[2016-03-23 13:15:06.804] [INFO] ./log/20160323 - The server is starting
[2016-03-23 13:26:13.941] [INFO] console - website server start ====================
[2016-03-23 13:26:14.011] [INFO] ./log/20160323 - The server is starting
[2016-03-23 13:26:14.929] [INFO] console - website server start ====================
[2016-03-23 13:26:15.009] [INFO] ./log/20160323 - The server is starting
[2016-03-23 13:26:15.960] [INFO] console - website server start ====================
[2016-03-23 13:26:16.050] [INFO] ./log/20160323 - The server is starting
[2016-03-23 13:26:16.966] [INFO] console - website server start ====================
[2016-03-23 13:26:17.036] [INFO] ./log/20160323 - The server is starting
[2016-03-23 13:28:58.229] [INFO] console - website server start ====================
[2016-03-23 13:28:58.312] [INFO] ./log/20160323 - The server is starting
[2016-03-23 13:28:59.207] [INFO] console - website server start ====================
[2016-03-23 13:28:59.287] [INFO] ./log/20160323 - The server is starting
[2016-03-23 13:29:00.223] [INFO] console - website server start ====================
[2016-03-23 13:29:00.303] [INFO] ./log/20160323 - The server is starting
[2016-03-23 13:29:01.209] [INFO] console - website server start ====================
[2016-03-23 13:29:01.279] [INFO] ./log/20160323 - The server is starting
[2016-03-23 13:29:43.838] [INFO] console - website server start ====================
[2016-03-23 13:29:43.918] [INFO] ./log/20160323 - The server is starting
[2016-03-23 13:32:02.987] [INFO] console - website server start ====================
[2016-03-23 13:32:03.067] [INFO] ./log/20160323 - The server is starting
[2016-03-23 13:33:15.890] [INFO] console - website server start ====================
[2016-03-23 13:33:15.960] [INFO] ./log/20160323 - The server is starting
[2016-03-23 13:33:24.024] [INFO] console - website server start ====================
[2016-03-23 13:33:24.094] [INFO] ./log/20160323 - The server is starting
[2016-03-23 13:33:29.084] [INFO] console - website server start ====================
[2016-03-23 13:33:29.154] [INFO] ./log/20160323 - The server is starting
[2016-03-23 13:33:42.273] [INFO] console - website server start ====================
[2016-03-23 13:33:42.353] [INFO] ./log/20160323 - The server is starting
[2016-03-23 13:33:49.416] [INFO] console - website server start ====================
[2016-03-23 13:33:49.486] [INFO] ./log/20160323 - The server is starting
[2016-03-23 13:33:50.362] [INFO] console - website server start ====================
[2016-03-23 13:33:50.434] [INFO] ./log/20160323 - The server is starting
[2016-03-23 13:35:36.980] [INFO] console - website server start ====================
[2016-03-23 13:35:37.050] [INFO] ./log/20160323 - The server is starting
[2016-03-23 13:35:43.949] [INFO] console - website server start ====================
[2016-03-23 13:35:44.019] [INFO] ./log/20160323 - The server is starting
[2016-03-23 13:35:51.058] [INFO] console - website server start ====================
[2016-03-23 13:35:51.138] [INFO] ./log/20160323 - The server is starting
[2016-03-23 13:35:52.083] [INFO] console - website server start ====================
[2016-03-23 13:35:52.163] [INFO] ./log/20160323 - The server is starting
[2016-03-23 13:35:55.121] [INFO] console - website server start ====================
[2016-03-23 13:35:55.201] [INFO] ./log/20160323 - The server is starting
[2016-03-23 13:36:09.348] [INFO] console - website server start ====================
[2016-03-23 13:36:09.428] [INFO] ./log/20160323 - The server is starting
[2016-03-23 13:37:01.491] [INFO] ./log/20160323 - get corporation page
[2016-03-23 13:37:03.177] [INFO] ./log/20160323 - get home page
[2016-03-23 17:27:40.850] [INFO] console - website server start ====================
[2016-03-23 17:27:40.930] [INFO] ./log/20160323 - The server is starting
[2016-03-23 17:27:48.071] [INFO] ./log/20160323 - get home page
[2016-03-23 17:27:50.074] [INFO] ./log/20160323 - get corporation page
[2016-03-23 17:54:47.818] [INFO] ./log/20160323 - get home page
[2016-03-23 17:55:04.363] [INFO] console - website server start ====================
[2016-03-23 17:55:04.633] [INFO] ./log/20160323 - The server is starting
[2016-03-23 17:55:14.753] [INFO] console - website server start ====================
[2016-03-23 17:55:14.829] [INFO] ./log/20160323 - The server is starting
[2016-03-23 17:57:40.730] [INFO] console - website server start ====================
[2016-03-23 17:57:40.800] [INFO] ./log/20160323 - The server is starting
[2016-03-23 17:57:41.806] [INFO] console - website server start ====================
[2016-03-23 17:57:41.876] [INFO] ./log/20160323 - The server is starting
[2016-03-23 17:57:46.058] [INFO] ./log/20160323 - get home page
[2016-03-23 17:57:48.984] [ERROR] ./log/20160323 - The url path "/client" Not Found
[2016-03-23 17:57:50.644] [INFO] ./log/20160323 - get home page
