[2016-03-24 15:45:55.533] [INFO] console - website server start ====================
[2016-03-24 15:45:56.225] [INFO] ./log/20160324 - The server is starting
[2016-03-24 15:45:56.280] [INFO] ./log/20160324 - get home page
[2016-03-24 16:35:42.906] [ERROR] ./log/20160324 - The url path "/client/doc/views/sign-020001.html" Not Found
[2016-03-24 16:35:43.910] [ERROR] ./log/20160324 - The url path "/client/doc/views/sign-020002.html" Not Found
[2016-03-24 16:35:44.476] [ERROR] ./log/20160324 - The url path "/client/doc/views/sign-020001.html" Not Found
[2016-03-24 16:42:22.970] [INFO] ./log/20160324 - get home page
[2016-03-24 16:44:29.762] [INFO] ./log/20160324 - get home page
[2016-03-24 18:03:40.092] [ERROR] ./log/20160324 - The url path "/client/doc/views/sign-020001.html" Not Found
[2016-03-24 18:03:40.601] [ERROR] ./log/20160324 - The url path "/client/doc/views/sign-020002.html" Not Found
[2016-03-24 18:18:28.809] [ERROR] ./log/20160324 - The url path "/client/doc/views/sign-020001.html" Not Found
[2016-03-24 18:18:35.600] [ERROR] ./log/20160324 - The url path "/client/doc/views/sign-020002.html" Not Found
[2016-03-24 18:18:37.462] [ERROR] ./log/20160324 - The url path "/client/doc/views/sign-020001.html" Not Found
[2016-03-24 18:18:37.858] [ERROR] ./log/20160324 - The url path "/client/doc/views/sign-020002.html" Not Found
[2016-03-25 13:54:34.266] [ERROR] ./log/20160324 - The url path "/test/test/js/angular/angular-cookies.min.js.map" Not Found
[2016-03-25 13:54:34.271] [ERROR] ./log/20160324 - The url path "/test/test/js/angular/angular-animate.min.js.map" Not Found
[2016-03-25 13:54:34.273] [ERROR] ./log/20160324 - The url path "/test/test/js/angular/angular.min.js.map" Not Found
[2016-03-25 13:54:34.326] [ERROR] ./log/20160324 - The url path "/test/test/css/bootstrap.css.map" Not Found
[2016-03-25 14:25:40.907] [ERROR] ./log/20160324 - The url path "/client/doc/views/sign-020001.html" Not Found
[2016-03-25 14:25:48.147] [ERROR] ./log/20160324 - The url path "/client/doc/views/sign-020002.html" Not Found
[2016-03-25 17:32:57.748] [ERROR] ./log/20160324 - The url path "/test/test/css/bootstrap.css.map" Not Found
[2016-03-25 17:32:58.026] [ERROR] ./log/20160324 - The url path "/test/test/js/angular/angular.min.js.map" Not Found
[2016-03-25 17:32:58.028] [ERROR] ./log/20160324 - The url path "/test/test/js/angular/angular-cookies.min.js.map" Not Found
[2016-03-25 17:32:58.058] [ERROR] ./log/20160324 - The url path "/test/test/js/angular/angular-animate.min.js.map" Not Found
